

Started GET "/" for 127.0.0.1 at 2011-01-01 18:53:38 -0800

ActionController::RoutingError (uninitialized constant PhotosController):
  

Rendered /Users/dbasch/.rvm/gems/ruby-1.9.2-p136/gems/actionpack-3.0.3/lib/action_dispatch/middleware/templates/rescues/routing_error.erb within rescues/layout (1.1ms)


Started GET "/" for 127.0.0.1 at 2011-01-01 18:54:14 -0800

AbstractController::ActionNotFound (The action 'index' could not be found for HomeController):
  

Rendered /Users/dbasch/.rvm/gems/ruby-1.9.2-p136/gems/actionpack-3.0.3/lib/action_dispatch/middleware/templates/rescues/unknown_action.erb within rescues/layout (0.9ms)


Started GET "/" for 127.0.0.1 at 2011-01-01 18:55:00 -0800
  Processing by HomeController#home as HTML
Rendered home/home.html.erb within layouts/application (2.6ms)
Completed 200 OK in 8ms (Views: 7.2ms | ActiveRecord: 0.0ms)


Started GET "/img/shadow.png" for 127.0.0.1 at 2011-01-01 18:55:01 -0800

ActionController::RoutingError (No route matches "/img/shadow.png"):
  

Rendered /Users/dbasch/.rvm/gems/ruby-1.9.2-p136/gems/actionpack-3.0.3/lib/action_dispatch/middleware/templates/rescues/routing_error.erb within rescues/layout (1.0ms)


Started GET "/?query=a" for 127.0.0.1 at 2011-01-01 18:55:03 -0800
  Processing by HomeController#home as HTML
  Parameters: {"query"=>"a"}
Rendered home/home.html.erb within layouts/application (46.0ms)
Completed 200 OK in 1073ms (Views: 50.7ms | ActiveRecord: 0.0ms)


Started GET "/img/shadow.png" for 127.0.0.1 at 2011-01-01 18:55:05 -0800

ActionController::RoutingError (No route matches "/img/shadow.png"):
  

Rendered /Users/dbasch/.rvm/gems/ruby-1.9.2-p136/gems/actionpack-3.0.3/lib/action_dispatch/middleware/templates/rescues/routing_error.erb within rescues/layout (1.0ms)


Started GET "/?query=blah" for 127.0.0.1 at 2011-01-01 18:55:10 -0800
  Processing by HomeController#home as HTML
  Parameters: {"query"=>"blah"}
Rendered home/home.html.erb within layouts/application (2.5ms)
Completed 200 OK in 1227ms (Views: 6.6ms | ActiveRecord: 0.0ms)


Started GET "/img/shadow.png" for 127.0.0.1 at 2011-01-01 18:55:12 -0800

ActionController::RoutingError (No route matches "/img/shadow.png"):
  

Rendered /Users/dbasch/.rvm/gems/ruby-1.9.2-p136/gems/actionpack-3.0.3/lib/action_dispatch/middleware/templates/rescues/routing_error.erb within rescues/layout (2.0ms)


Started GET "/?query=you" for 127.0.0.1 at 2011-01-01 18:55:14 -0800
  Processing by HomeController#home as HTML
  Parameters: {"query"=>"you"}
Rendered home/home.html.erb within layouts/application (3.8ms)
Completed 200 OK in 626ms (Views: 7.8ms | ActiveRecord: 0.0ms)


Started GET "/img/shadow.png" for 127.0.0.1 at 2011-01-01 18:55:16 -0800

ActionController::RoutingError (No route matches "/img/shadow.png"):
  

Rendered /Users/dbasch/.rvm/gems/ruby-1.9.2-p136/gems/actionpack-3.0.3/lib/action_dispatch/middleware/templates/rescues/routing_error.erb within rescues/layout (1.2ms)
